android/android/app/build/intermediates/manifest_merge_blame_file/debug/manifest-merger-blame-debug-report.txt
1<?xml version="1.0" encoding="utf-8"?>
2<manifest xmlns:android="http://schemas.android.com/apk/res/android"
3    package="com.combocart"
4    android:versionCode="1"
5    android:versionName="1.0" >
6
7    <uses-sdk
8        android:minSdkVersion="24"
9        android:targetSdkVersion="34" />
10
11    <uses-permission android:name="android.permission.INTERNET" />
11-->src\main\AndroidManifest.xml:5:5-67
11-->src\main\AndroidManifest.xml:5:22-64
12    <uses-permission android:name="android.permission.ACCESS_FINE_LOCATION" />
12-->src\main\AndroidManifest.xml:6:5-79
12-->src\main\AndroidManifest.xml:6:22-76
13    <uses-permission android:name="android.permission.ACCESS_COARSE_LOCATION" />
13-->src\main\AndroidManifest.xml:7:5-81
13-->src\main\AndroidManifest.xml:7:22-78
14    <uses-permission android:name="android.permission.CAMERA" />
14-->src\main\AndroidManifest.xml:8:5-65
14-->src\main\AndroidManifest.xml:8:22-62
15    <uses-permission android:name="android.permission.RECORD_AUDIO" />
15-->src\main\AndroidManifest.xml:9:5-71
15-->src\main\AndroidManifest.xml:9:22-68
16    <uses-permission
16-->src\main\AndroidManifest.xml:10:5-107
17        android:name="android.permission.READ_EXTERNAL_STORAGE"
17-->src\main\AndroidManifest.xml:10:22-77
18        android:maxSdkVersion="32" />
18-->src\main\AndroidManifest.xml:10:78-104
19    <uses-permission android:name="android.permission.READ_MEDIA_IMAGES" />
19-->src\main\AndroidManifest.xml:11:5-76
19-->src\main\AndroidManifest.xml:11:22-73
20    <uses-permission android:name="android.permission.RECEIVE_SMS" />
20-->src\main\AndroidManifest.xml:12:5-70
20-->src\main\AndroidManifest.xml:12:22-67
21    <uses-permission android:name="android.permission.READ_SMS" />
21-->src\main\AndroidManifest.xml:13:5-67
21-->src\main\AndroidManifest.xml:13:22-64
22
23    <queries>
23-->[com.razorpay:checkout:1.6.33] AndroidManifest.xml:10:5-39:15
24        <intent>
24-->[com.razorpay:checkout:1.6.33] AndroidManifest.xml:11:9-17:18
25            <action android:name="android.intent.action.VIEW" />
25-->[com.razorpay:checkout:1.6.33] AndroidManifest.xml:12:13-65
25-->[com.razorpay:checkout:1.6.33] AndroidManifest.xml:12:21-62
26
27            <data
27-->[com.razorpay:checkout:1.6.33] AndroidManifest.xml:14:13-16:38
28                android:mimeType="*/*"
28-->[com.razorpay:checkout:1.6.33] AndroidManifest.xml:15:17-39
29                android:scheme="*" />
29-->[com.razorpay:checkout:1.6.33] AndroidManifest.xml:16:17-35
30        </intent>
31        <intent>
31-->[com.razorpay:checkout:1.6.33] AndroidManifest.xml:18:9-27:18
32            <action android:name="android.intent.action.VIEW" />
32-->[com.razorpay:checkout:1.6.33] AndroidManifest.xml:12:13-65
32-->[com.razorpay:checkout:1.6.33] AndroidManifest.xml:12:21-62
33
34            <category android:name="android.intent.category.BROWSABLE" />
34-->[com.razorpay:checkout:1.6.33] AndroidManifest.xml:21:13-74
34-->[com.razorpay:checkout:1.6.33] AndroidManifest.xml:21:23-71
35
36            <data
36-->[com.razorpay:checkout:1.6.33] AndroidManifest.xml:14:13-16:38
37                android:host="pay"
38                android:mimeType="*/*"
38-->[com.razorpay:checkout:1.6.33] AndroidManifest.xml:15:17-39
39                android:scheme="upi" />
39-->[com.razorpay:checkout:1.6.33] AndroidManifest.xml:16:17-35
40        </intent>
41        <intent>
41-->[com.razorpay:checkout:1.6.33] AndroidManifest.xml:28:9-30:18
42            <action android:name="android.intent.action.MAIN" />
42-->src\main\AndroidManifest.xml:39:17-69
42-->src\main\AndroidManifest.xml:39:25-66
43        </intent>
44        <intent>
44-->[com.razorpay:checkout:1.6.33] AndroidManifest.xml:31:9-35:18
45            <action android:name="android.intent.action.SEND" />
45-->[com.razorpay:checkout:1.6.33] AndroidManifest.xml:32:13-65
45-->[com.razorpay:checkout:1.6.33] AndroidManifest.xml:32:21-62
46
47            <data android:mimeType="*/*" />
47-->[com.razorpay:checkout:1.6.33] AndroidManifest.xml:14:13-16:38
47-->[com.razorpay:checkout:1.6.33] AndroidManifest.xml:15:17-39
48        </intent>
49        <intent>
49-->[com.razorpay:checkout:1.6.33] AndroidManifest.xml:36:9-38:18
50            <action android:name="rzp.device_token.share" />
50-->[com.razorpay:checkout:1.6.33] AndroidManifest.xml:37:13-61
50-->[com.razorpay:checkout:1.6.33] AndroidManifest.xml:37:21-58
51        </intent>
52        <!-- Needs to be explicitly declared on Android R+ -->
53        <package android:name="com.google.android.apps.maps" />
53-->[com.google.android.gms:play-services-maps:18.2.0] AndroidManifest.xml:33:9-64
53-->[com.google.android.gms:play-services-maps:18.2.0] AndroidManifest.xml:33:18-61
54    </queries> <!-- Include required permissions for Google Maps API to run. -->
55    <uses-permission android:name="android.permission.ACCESS_NETWORK_STATE" />
55-->[com.google.android.gms:play-services-maps:18.2.0] AndroidManifest.xml:23:5-79
55-->[com.google.android.gms:play-services-maps:18.2.0] AndroidManifest.xml:23:22-76
56
57    <uses-feature
57-->[com.google.android.gms:play-services-maps:18.2.0] AndroidManifest.xml:26:5-28:35
58        android:glEsVersion="0x00020000"
58-->[com.google.android.gms:play-services-maps:18.2.0] AndroidManifest.xml:27:9-41
59        android:required="true" />
59-->[com.google.android.gms:play-services-maps:18.2.0] AndroidManifest.xml:28:9-32
60
61    <permission
61-->[androidx.core:core:1.12.0] AndroidManifest.xml:22:5-24:47
62        android:name="com.combocart.DYNAMIC_RECEIVER_NOT_EXPORTED_PERMISSION"
62-->[androidx.core:core:1.12.0] AndroidManifest.xml:23:9-81
63        android:protectionLevel="signature" />
63-->[androidx.core:core:1.12.0] AndroidManifest.xml:24:9-44
64
65    <uses-permission android:name="com.combocart.DYNAMIC_RECEIVER_NOT_EXPORTED_PERMISSION" />
65-->[androidx.core:core:1.12.0] AndroidManifest.xml:26:5-97
65-->[androidx.core:core:1.12.0] AndroidManifest.xml:26:22-94
66
67    <application
67-->src\main\AndroidManifest.xml:15:5-44:19
68        android:name="com.combocart.ComboCartApp"
68-->src\main\AndroidManifest.xml:16:9-37
69        android:allowBackup="true"
69-->src\main\AndroidManifest.xml:17:9-35
70        android:appComponentFactory="androidx.core.app.CoreComponentFactory"
70-->[androidx.core:core:1.12.0] AndroidManifest.xml:28:18-86
71        android:dataExtractionRules="@xml/data_extraction_rules"
71-->src\main\AndroidManifest.xml:19:9-65
72        android:debuggable="true"
73        android:enableOnBackInvokedCallback="true"
73-->src\main\AndroidManifest.xml:26:9-51
74        android:extractNativeLibs="false"
75        android:fullBackupContent="@xml/backup_rules"
75-->src\main\AndroidManifest.xml:20:9-54
76        android:icon="@mipmap/ic_launcher"
76-->src\main\AndroidManifest.xml:21:9-43
77        android:label="@string/app_name"
77-->src\main\AndroidManifest.xml:22:9-41
78        android:roundIcon="@mipmap/ic_launcher_round"
78-->src\main\AndroidManifest.xml:23:9-54
79        android:supportsRtl="true"
79-->src\main\AndroidManifest.xml:24:9-35
80        android:testOnly="true"
81        android:theme="@style/Theme.ComboCart"
81-->src\main\AndroidManifest.xml:25:9-47
82        android:usesCleartextTraffic="true" >
82-->src\main\AndroidManifest.xml:18:9-44
83        <meta-data
83-->src\main\AndroidManifest.xml:29:9-31:71
84            android:name="com.google.android.geo.API_KEY"
84-->src\main\AndroidManifest.xml:30:13-58
85            android:value="AIzaSyDroOo44Hxj6Tf4JyeUYWxnnHyVg4eWnHI" />
85-->src\main\AndroidManifest.xml:31:13-68
86
87        <activity
87-->src\main\AndroidManifest.xml:33:9-43:20
88            android:name="com.combocart.MainActivity"
88-->src\main\AndroidManifest.xml:34:13-41
89            android:exported="true"
89-->src\main\AndroidManifest.xml:35:13-36
90            android:label="@string/app_name"
90-->src\main\AndroidManifest.xml:36:13-45
91            android:theme="@style/Theme.ComboCart" >
91-->src\main\AndroidManifest.xml:37:13-51
92            <intent-filter>
92-->src\main\AndroidManifest.xml:38:13-42:29
93                <action android:name="android.intent.action.MAIN" />
93-->src\main\AndroidManifest.xml:39:17-69
93-->src\main\AndroidManifest.xml:39:25-66
94
95                <category android:name="android.intent.category.LAUNCHER" />
95-->src\main\AndroidManifest.xml:41:17-77
95-->src\main\AndroidManifest.xml:41:27-74
96            </intent-filter>
97        </activity>
98
99        <service
99-->[androidx.room:room-runtime:2.6.1] AndroidManifest.xml:24:9-28:63
100            android:name="androidx.room.MultiInstanceInvalidationService"
100-->[androidx.room:room-runtime:2.6.1] AndroidManifest.xml:25:13-74
101            android:directBootAware="true"
101-->[androidx.room:room-runtime:2.6.1] AndroidManifest.xml:26:13-43
102            android:exported="false" />
102-->[androidx.room:room-runtime:2.6.1] AndroidManifest.xml:27:13-37
103
104        <receiver
104-->[com.razorpay:checkout:1.6.33] AndroidManifest.xml:42:9-49:20
105            android:name="com.razorpay.RzpTokenReceiver"
105-->[com.razorpay:checkout:1.6.33] AndroidManifest.xml:43:13-57
106            android:exported="true" >
106-->[com.razorpay:checkout:1.6.33] AndroidManifest.xml:44:13-36
107            <intent-filter>
107-->[com.razorpay:checkout:1.6.33] AndroidManifest.xml:46:13-48:29
108                <action android:name="rzp.device_token.share" />
108-->[com.razorpay:checkout:1.6.33] AndroidManifest.xml:37:13-61
108-->[com.razorpay:checkout:1.6.33] AndroidManifest.xml:37:21-58
109            </intent-filter>
110        </receiver>
111
112        <activity
112-->[com.razorpay:checkout:1.6.33] AndroidManifest.xml:51:9-59:20
113            android:name="com.razorpay.CheckoutActivity"
113-->[com.razorpay:checkout:1.6.33] AndroidManifest.xml:52:13-57
114            android:configChanges="keyboard|keyboardHidden|orientation|screenSize"
114-->[com.razorpay:checkout:1.6.33] AndroidManifest.xml:53:13-83
115            android:exported="true"
115-->[com.razorpay:checkout:1.6.33] AndroidManifest.xml:54:13-36
116            android:theme="@style/CheckoutTheme" >
116-->[com.razorpay:checkout:1.6.33] AndroidManifest.xml:55:13-49
117            <intent-filter>
117-->[com.razorpay:checkout:1.6.33] AndroidManifest.xml:56:13-58:29
118                <action android:name="android.intent.action.MAIN" />
118-->src\main\AndroidManifest.xml:39:17-69
118-->src\main\AndroidManifest.xml:39:25-66
119            </intent-filter>
120        </activity>
121
122        <meta-data
122-->[com.razorpay:checkout:1.6.33] AndroidManifest.xml:61:9-63:58
123            android:name="com.razorpay.plugin.googlepay_all"
123-->[com.razorpay:checkout:1.6.33] AndroidManifest.xml:62:13-61
124            android:value="com.razorpay.RzpGpayMerged" /> <!-- Needs to be explicitly declared on P+ -->
124-->[com.razorpay:checkout:1.6.33] AndroidManifest.xml:63:13-55
125        <uses-library
125-->[com.google.android.gms:play-services-maps:18.2.0] AndroidManifest.xml:39:9-41:40
126            android:name="org.apache.http.legacy"
126-->[com.google.android.gms:play-services-maps:18.2.0] AndroidManifest.xml:40:13-50
127            android:required="false" />
127-->[com.google.android.gms:play-services-maps:18.2.0] AndroidManifest.xml:41:13-37
128
129        <activity
129-->[com.google.android.gms:play-services-auth:17.0.0] AndroidManifest.xml:23:9-27:75
130            android:name="com.google.android.gms.auth.api.signin.internal.SignInHubActivity"
130-->[com.google.android.gms:play-services-auth:17.0.0] AndroidManifest.xml:24:13-93
131            android:excludeFromRecents="true"
131-->[com.google.android.gms:play-services-auth:17.0.0] AndroidManifest.xml:25:13-46
132            android:exported="false"
132-->[com.google.android.gms:play-services-auth:17.0.0] AndroidManifest.xml:26:13-37
133            android:theme="@android:style/Theme.Translucent.NoTitleBar" />
133-->[com.google.android.gms:play-services-auth:17.0.0] AndroidManifest.xml:27:13-72
134        <!--
135            Service handling Google Sign-In user revocation. For apps that do not integrate with
136            Google Sign-In, this service will never be started.
137        -->
138        <service
138-->[com.google.android.gms:play-services-auth:17.0.0] AndroidManifest.xml:33:9-36:110
139            android:name="com.google.android.gms.auth.api.signin.RevocationBoundService"
139-->[com.google.android.gms:play-services-auth:17.0.0] AndroidManifest.xml:34:13-89
140            android:exported="true"
140-->[com.google.android.gms:play-services-auth:17.0.0] AndroidManifest.xml:35:13-36
141            android:permission="com.google.android.gms.auth.api.signin.permission.REVOCATION_NOTIFICATION" />
141-->[com.google.android.gms:play-services-auth:17.0.0] AndroidManifest.xml:36:13-107
142
143        <activity
143-->[com.google.android.gms:play-services-base:18.1.0] AndroidManifest.xml:20:9-22:45
144            android:name="com.google.android.gms.common.api.GoogleApiActivity"
144-->[com.google.android.gms:play-services-base:18.1.0] AndroidManifest.xml:20:19-85
145            android:exported="false"
145-->[com.google.android.gms:play-services-base:18.1.0] AndroidManifest.xml:22:19-43
146            android:theme="@android:style/Theme.Translucent.NoTitleBar" />
146-->[com.google.android.gms:play-services-base:18.1.0] AndroidManifest.xml:21:19-78
147        <activity
147-->[androidx.compose.ui:ui-test-manifest:1.5.4] AndroidManifest.xml:23:9-25:39
148            android:name="androidx.activity.ComponentActivity"
148-->[androidx.compose.ui:ui-test-manifest:1.5.4] AndroidManifest.xml:24:13-63
149            android:exported="true" />
149-->[androidx.compose.ui:ui-test-manifest:1.5.4] AndroidManifest.xml:25:13-36
150        <activity
150-->[androidx.compose.ui:ui-tooling-android:1.5.4] AndroidManifest.xml:23:9-25:39
151            android:name="androidx.compose.ui.tooling.PreviewActivity"
151-->[androidx.compose.ui:ui-tooling-android:1.5.4] AndroidManifest.xml:24:13-71
152            android:exported="true" />
152-->[androidx.compose.ui:ui-tooling-android:1.5.4] AndroidManifest.xml:25:13-36
153
154        <provider
154-->[androidx.emoji2:emoji2:1.4.0] AndroidManifest.xml:24:9-32:20
155            android:name="androidx.startup.InitializationProvider"
155-->[androidx.emoji2:emoji2:1.4.0] AndroidManifest.xml:25:13-67
156            android:authorities="com.combocart.androidx-startup"
156-->[androidx.emoji2:emoji2:1.4.0] AndroidManifest.xml:26:13-68
157            android:exported="false" >
157-->[androidx.emoji2:emoji2:1.4.0] AndroidManifest.xml:27:13-37
158            <meta-data
158-->[androidx.emoji2:emoji2:1.4.0] AndroidManifest.xml:29:13-31:52
159                android:name="androidx.emoji2.text.EmojiCompatInitializer"
159-->[androidx.emoji2:emoji2:1.4.0] AndroidManifest.xml:30:17-75
160                android:value="androidx.startup" />
160-->[androidx.emoji2:emoji2:1.4.0] AndroidManifest.xml:31:17-49
161            <meta-data
161-->[androidx.lifecycle:lifecycle-process:2.7.0] AndroidManifest.xml:29:13-31:52
162                android:name="androidx.lifecycle.ProcessLifecycleInitializer"
162-->[androidx.lifecycle:lifecycle-process:2.7.0] AndroidManifest.xml:30:17-78
163                android:value="androidx.startup" />
163-->[androidx.lifecycle:lifecycle-process:2.7.0] AndroidManifest.xml:31:17-49
164            <meta-data
164-->[androidx.profileinstaller:profileinstaller:1.3.1] AndroidManifest.xml:29:13-31:52
165                android:name="androidx.profileinstaller.ProfileInstallerInitializer"
165-->[androidx.profileinstaller:profileinstaller:1.3.1] AndroidManifest.xml:30:17-85
166                android:value="androidx.startup" />
166-->[androidx.profileinstaller:profileinstaller:1.3.1] AndroidManifest.xml:31:17-49
167        </provider>
168
169        <meta-data
169-->[com.google.android.gms:play-services-basement:18.1.0] AndroidManifest.xml:21:9-23:69
170            android:name="com.google.android.gms.version"
170-->[com.google.android.gms:play-services-basement:18.1.0] AndroidManifest.xml:22:13-58
171            android:value="@integer/google_play_services_version" />
171-->[com.google.android.gms:play-services-basement:18.1.0] AndroidManifest.xml:23:13-66
172
173        <receiver
173-->[androidx.profileinstaller:profileinstaller:1.3.1] AndroidManifest.xml:34:9-52:20
174            android:name="androidx.profileinstaller.ProfileInstallReceiver"
174-->[androidx.profileinstaller:profileinstaller:1.3.1] AndroidManifest.xml:35:13-76
175            android:directBootAware="false"
175-->[androidx.profileinstaller:profileinstaller:1.3.1] AndroidManifest.xml:36:13-44
176            android:enabled="true"
176-->[androidx.profileinstaller:profileinstaller:1.3.1] AndroidManifest.xml:37:13-35
177            android:exported="true"
177-->[androidx.profileinstaller:profileinstaller:1.3.1] AndroidManifest.xml:38:13-36
178            android:permission="android.permission.DUMP" >
178-->[androidx.profileinstaller:profileinstaller:1.3.1] AndroidManifest.xml:39:13-57
179            <intent-filter>
179-->[androidx.profileinstaller:profileinstaller:1.3.1] AndroidManifest.xml:40:13-42:29
180                <action android:name="androidx.profileinstaller.action.INSTALL_PROFILE" />
180-->[androidx.profileinstaller:profileinstaller:1.3.1] AndroidManifest.xml:41:17-91
180-->[androidx.profileinstaller:profileinstaller:1.3.1] AndroidManifest.xml:41:25-88
181            </intent-filter>
182            <intent-filter>
182-->[androidx.profileinstaller:profileinstaller:1.3.1] AndroidManifest.xml:43:13-45:29
183                <action android:name="androidx.profileinstaller.action.SKIP_FILE" />
183-->[androidx.profileinstaller:profileinstaller:1.3.1] AndroidManifest.xml:44:17-85
183-->[androidx.profileinstaller:profileinstaller:1.3.1] AndroidManifest.xml:44:25-82
184            </intent-filter>
185            <intent-filter>
185-->[androidx.profileinstaller:profileinstaller:1.3.1] AndroidManifest.xml:46:13-48:29
186                <action android:name="androidx.profileinstaller.action.SAVE_PROFILE" />
186-->[androidx.profileinstaller:profileinstaller:1.3.1] AndroidManifest.xml:47:17-88
186-->[androidx.profileinstaller:profileinstaller:1.3.1] AndroidManifest.xml:47:25-85
187            </intent-filter>
188            <intent-filter>
188-->[androidx.profileinstaller:profileinstaller:1.3.1] AndroidManifest.xml:49:13-51:29
189                <action android:name="androidx.profileinstaller.action.BENCHMARK_OPERATION" />
189-->[androidx.profileinstaller:profileinstaller:1.3.1] AndroidManifest.xml:50:17-95
189-->[androidx.profileinstaller:profileinstaller:1.3.1] AndroidManifest.xml:50:25-92
190            </intent-filter>
191        </receiver>
192    </application>
193
194</manifest>